#-----------------------------------------------------------
# Vivado v2018.1 (64-bit)
# SW Build 2188600 on Wed Apr  4 18:40:38 MDT 2018
# IP Build 2185939 on Wed Apr  4 20:55:05 MDT 2018
# Start of session at: Wed Jun  5 11:07:55 2019
# Process ID: 18232
# Current directory: E:/single_MIPS
# Command line: vivado.exe -gui_launcher_event rodinguilauncherevent13076 E:\single_MIPS\single_MIPS.xpr
# Log file: E:/single_MIPS/vivado.log
# Journal file: E:/single_MIPS\vivado.jou
#-----------------------------------------------------------
start_gui
open_project E:/single_MIPS/single_MIPS.xpr
INFO: [Common 17-41] Interrupt caught. Command should exit soon.
INFO: [Common 17-344] 'open_project' was cancelled
exit
INFO: [Common 17-206] Exiting Vivado at Wed Jun  5 11:09:33 2019...
ng sources...
Finished scanning sources
INFO: [IP_Flow 19-234] Refreshing IP repositories
INFO: [IP_Flow 19-1704] No user IP repositories specified
INFO: [IP_Flow 19-2313] Loaded Vivado IP repository 'E:/Vivado/2018.1/data/ip'.
open_project: Time (s): cpu = 00:00:32 ; elapsed = 00:00:30 . Memory (MB): peak = 782.336 ; gain = 55.848
update_compile_order -fileset sources_1
set_property top datamem_tb [get_filesets sim_1]
set_property top_lib xil_defaultlib [get_filesets sim_1]
update_compile_order -fileset sim_1
launch_simulation
INFO: [Vivado 12-5682] Launching behavioral simulation in 'E:/single_MIPS/single_MIPS.sim/sim_1/behav/xsim'
INFO: [SIM-utils-51] Simulation object is 'sim_1'
INFO: [SIM-utils-54] Inspecting design source files for 'datamem_tb' in fileset 'sim_1'...
INFO: [USF-XSim-97] Finding global include files...
INFO: [USF-XSim-98] Fetching design files from 'sim_1'...
INFO: [USF-XSim-2] XSim::Compile design
INFO: [USF-XSim-61] Executing 'COMPILE and ANALYZE' step in 'E:/single_MIPS/single_MIPS.sim/sim_1/behav/xsim'
"xvlog --incr --relax -prj datamem_tb_vlog.prj"
INFO: [USF-XSim-69] 'compile' step finished in '3' seconds
INFO: [USF-XSim-3] XSim::Elaborate design
INFO: [USF-XSim-61] Executing 'ELABORATE' step in 'E:/single_MIPS/single_MIPS.sim/sim_1/behav/xsim'
Vivado Simulator 2018.1
Copyright 1986-1999, 2001-2017 Xilinx, Inc. All Rights Reserved.
Running: E:/Vivado/2018.1/bin/unwrapped/win64.o/xelab.exe -wto 447f6c506a684fd0bc99f965471d4498 --incr --debug typical --relax --mt 2 -L xil_defaultlib -L unisims_ver -L unimacro_ver -L secureip --snapshot datamem_tb_behav xil_defaultlib.datamem_tb xil_defaultlib.glbl -log elaborate.log 
Using 2 slave threads.
Starting static elaboration
Completed static elaboration
INFO: [XSIM 43-4323] No Change in HDL. Linking previously generated obj files to create kernel
INFO: [USF-XSim-69] 'elaborate' step finished in '5' seconds
INFO: [USF-XSim-4] XSim::Simulate design
WARNING: [USF-XSim-17] WCFG file does not exist:E:/single_MIPS/top_tb_behav.wcfg
WARNING: [USF-XSim-17] WCFG file does not exist:E:/single_MIPS/top_behav.wcfg
WARNING: [USF-XSim-17] WCFG file does not exist:E:/single_MIPS/top_tb_behav.wcfg
WARNING: [USF-XSim-17] WCFG file does not exist:E:/single_MIPS/top_behav.wcfg
INFO: [USF-XSim-61] Executing 'SIMULATE' step in 'E:/single_MIPS/single_MIPS.sim/sim_1/behav/xsim'
INFO: [USF-XSim-98] *** Running xsim
   with args "datamem_tb_behav -key {Behavioral:sim_1:Functional:datamem_tb} -tclbatch {datamem_tb.tcl} -log {simulate.log}"
INFO: [USF-XSim-8] Loading simulator feature
Vivado Simulator 2018.1
Time resolution is 1 ps
source datamem_tb.tcl
# set curr_wave [current_wave_config]
# if { [string length $curr_wave] == 0 } {
#   if { [llength [get_objects]] > 0} {
#     add_wave /
#     set_property needs_save false [current_wave_config]
#   } else {
#      send_msg_id Add_Wave-1 WARNING "No top level signals found. Simulator will start without a wave window. If you want to open a wave window go to 'File->New Waveform Configuration' or type 'create_wave_config' in the TCL console."
#   }
# }
# run 1000ns
xsim: Time (s): cpu = 00:00:11 ; elapsed = 00:00:07 . Memory (MB): peak = 831.258 ; gain = 19.805
INFO: [USF-XSim-96] XSim completed. Design snapshot 'datamem_tb_behav' loaded.
INFO: [USF-XSim-97] XSim simulation ran for 1000ns
launch_simulation: Time (s): cpu = 00:00:15 ; elapsed = 00:00:17 . Memory (MB): peak = 831.258 ; gain = 19.805
close_sim
INFO: [Simtcl 6-16] Simulation closed
close_sim: Time (s): cpu = 00:00:06 ; elapsed = 00:00:16 . Memory (MB): peak = 840.133 ; gain = 0.000
exit
INFO: [Common 17-206] Exiting Vivado at Wed Jun  5 11:18:59 2019...
