#-----------------------------------------------------------
# Vivado v2018.1 (64-bit)
# SW Build 2188600 on Wed Apr  4 18:40:38 MDT 2018
# IP Build 2185939 on Wed Apr  4 20:55:05 MDT 2018
# Start of session at: Wed Jun  5 09:16:35 2019
# Process ID: 20388
# Current directory: E:/single_MIPS
# Command line: vivado.exe -gui_launcher_event rodinguilauncherevent19644 E:\single_MIPS\single_MIPS.xpr
# Log file: E:/single_MIPS/vivado.log
# Journal file: E:/single_MIPS\vivado.jou
#-----------------------------------------------------------
start_gui
open_project E:/single_MIPS/single_MIPS.xpr
CRITICAL WARNING: [Project 1-19] Could not find the file 'E:/single_MIPS/top_tb_behav.wcfg'.
CRITICAL WARNING: [Project 1-19] Could not find the file 'E:/single_MIPS/top_behav.wcfg'.
Scanning sources...
Finished scanning sources
INFO: [IP_Flow 19-234] Refreshing IP repositories
INFO: [IP_Flow 19-1704] No user IP repositories specified
INFO: [IP_Flow 19-2313] Loaded Vivado IP repository 'E:/Vivado/2018.1/data/ip'.
open_project: Time (s): cpu = 00:00:32 ; elapsed = 00:00:33 . Memory (MB): peak = 706.137 ; gain = 39.254
update_compile_order -fileset sources_1
synth_design -rtl -name rtl_1
Command: synth_design -rtl -name rtl_1
Starting synth_design
Using part: xc7a35tcsg324-1
Top: CPU
---------------------------------------------------------------------------------
Starting RTL Elaboration : Time (s): cpu = 00:00:23 ; elapsed = 00:00:27 . Memory (MB): peak = 830.754 ; gain = 68.258
---------------------------------------------------------------------------------
INFO: [Synth 8-6157] synthesizing module 'CPU' [E:/single_MIPS/single_MIPS.srcs/sources_1/new/CPU.v:23]
INFO: [Synth 8-6157] synthesizing module 'IFU' [E:/single_MIPS/single_MIPS.srcs/sources_1/new/IFU.v:23]
CRITICAL WARNING: [Synth 8-4445] could not open $readmem data file 'inst.data'; please make sure the file is added to project and has read permission, ignoring [E:/single_MIPS/single_MIPS.srcs/sources_1/new/IFU.v:33]

Warning: Trying to implement RAM in registers. Block RAM or DRAM implementation is not possible for one or more of the following reasons :
	1: Unable to determine number of words or word size in RAM. 
	2: No valid read/write found for RAM. 
INFO: [Common 17-41] Interrupt caught. Command should exit soon.
RAM dissolved into registers
